<?xml version="1.0" encoding="UTF-8"?>
<!-- Generated by org.testng.reporters.JUnitXMLReporter -->
<testsuite ignored="0" hostname="Thirosh" failures="0" tests="9" name="Default test" time="59.193" errors="0" timestamp="2024-01-24T12:12:02 IST">
  <testcase classname="register.RegisterAllTestCases" name="registerAccountWithAllMandatoryFields" time="6.679"/>
  <testcase classname="register.RegisterAllTestCases" name="registerAccountWithAllFields" time="6.984"/>
  <testcase classname="register.RegisterAllTestCases" name="registerWithoutProvidingAnyFields" time="4.07"/>
  <testcase classname="register.RegisterAllTestCases" name="registerAccountBySelectingYesNewsLetterOption" time="7.433"/>
  <testcase classname="register.RegisterAllTestCases" name="registerAccountBySelectNoNewsLetterOption" time="7.246"/>
  <testcase classname="register.RegisterAllTestCases" name="differentRegisterAccountPageNavigate" time="10.426"/>
  <testcase classname="register.RegisterAllTestCases" name="registerAccountByProvidingDifferentPasswordMisMatches" time="7.432"/>
  <testcase classname="register.RegisterAllTestCases" name="registerDuplicateAccountWithSameEmail" time="8.826"/>
  <testcase classname="register.RegisterAllTestCases" name="ddd" time="0.001"/>
</testsuite> <!-- Default test -->
