<?xml version="1.0" encoding="UTF-8"?>
<testng-results ignored="0" total="9" passed="9" failed="0" skipped="0">
  <reporter-output>
  </reporter-output>
  <suite started-at="2024-01-24T12:11:03 IST" name="Default suite" finished-at="2024-01-24T12:12:02 IST" duration-ms="59193">
    <groups>
    </groups>
    <test started-at="2024-01-24T12:11:03 IST" name="Default test" finished-at="2024-01-24T12:12:02 IST" duration-ms="59193">
      <class name="register.RegisterAllTestCases">
        <test-method signature="registerAccountWithAllMandatoryFields()[pri:1, instance:register.RegisterAllTestCases@399f45b1]" started-at="2024-01-24T12:11:03 IST" name="registerAccountWithAllMandatoryFields" finished-at="2024-01-24T12:11:09 IST" duration-ms="6679" status="PASS">
          <reporter-output>
          </reporter-output>
        </test-method> <!-- registerAccountWithAllMandatoryFields -->
        <test-method signature="registerAccountWithAllFields()[pri:2, instance:register.RegisterAllTestCases@399f45b1]" started-at="2024-01-24T12:11:09 IST" name="registerAccountWithAllFields" finished-at="2024-01-24T12:11:16 IST" duration-ms="6984" status="PASS">
          <reporter-output>
          </reporter-output>
        </test-method> <!-- registerAccountWithAllFields -->
        <test-method signature="registerWithoutProvidingAnyFields()[pri:3, instance:register.RegisterAllTestCases@399f45b1]" started-at="2024-01-24T12:11:16 IST" name="registerWithoutProvidingAnyFields" finished-at="2024-01-24T12:11:20 IST" duration-ms="4070" status="PASS">
          <reporter-output>
          </reporter-output>
        </test-method> <!-- registerWithoutProvidingAnyFields -->
        <test-method signature="registerAccountBySelectingYesNewsLetterOption()[pri:4, instance:register.RegisterAllTestCases@399f45b1]" started-at="2024-01-24T12:11:20 IST" name="registerAccountBySelectingYesNewsLetterOption" finished-at="2024-01-24T12:11:28 IST" duration-ms="7433" status="PASS">
          <reporter-output>
          </reporter-output>
        </test-method> <!-- registerAccountBySelectingYesNewsLetterOption -->
        <test-method signature="registerAccountBySelectNoNewsLetterOption()[pri:5, instance:register.RegisterAllTestCases@399f45b1]" started-at="2024-01-24T12:11:28 IST" name="registerAccountBySelectNoNewsLetterOption" finished-at="2024-01-24T12:11:35 IST" duration-ms="7246" status="PASS">
          <reporter-output>
          </reporter-output>
        </test-method> <!-- registerAccountBySelectNoNewsLetterOption -->
        <test-method signature="differentRegisterAccountPageNavigate()[pri:6, instance:register.RegisterAllTestCases@399f45b1]" started-at="2024-01-24T12:11:35 IST" name="differentRegisterAccountPageNavigate" finished-at="2024-01-24T12:11:46 IST" duration-ms="10426" status="PASS">
          <reporter-output>
          </reporter-output>
        </test-method> <!-- differentRegisterAccountPageNavigate -->
        <test-method signature="registerAccountByProvidingDifferentPasswordMisMatches()[pri:7, instance:register.RegisterAllTestCases@399f45b1]" started-at="2024-01-24T12:11:46 IST" name="registerAccountByProvidingDifferentPasswordMisMatches" finished-at="2024-01-24T12:11:53 IST" duration-ms="7432" status="PASS">
          <reporter-output>
          </reporter-output>
        </test-method> <!-- registerAccountByProvidingDifferentPasswordMisMatches -->
        <test-method signature="registerDuplicateAccountWithSameEmail()[pri:8, instance:register.RegisterAllTestCases@399f45b1]" started-at="2024-01-24T12:11:53 IST" name="registerDuplicateAccountWithSameEmail" finished-at="2024-01-24T12:12:02 IST" duration-ms="8826" status="PASS">
          <reporter-output>
          </reporter-output>
        </test-method> <!-- registerDuplicateAccountWithSameEmail -->
        <test-method signature="ddd()[pri:9, instance:register.RegisterAllTestCases@399f45b1]" started-at="2024-01-24T12:12:02 IST" name="ddd" finished-at="2024-01-24T12:12:02 IST" duration-ms="1" status="PASS">
          <reporter-output>
          </reporter-output>
        </test-method> <!-- ddd -->
      </class> <!-- register.RegisterAllTestCases -->
    </test> <!-- Default test -->
  </suite> <!-- Default suite -->
</testng-results>
